proguard.cfg
-libraryjars C:/Users/Ryan/android-sdk/platforms/android-17/android.jar

-injars libs/gson-2.2.2.jar
-injars libs/android-support-v4.jar
-injars libs/dashclock-api-r1.1.jar
-outjars    proguard.jar

#-printseeds: Prints the un-obfuscated filenames
-printseeds
-printmapping map
-verbose

#-dontusemixedcaseclassnames: Necessary when building on windows where x.class and X.class is the same file
-dontusemixedcaseclassnames


#-dontskipnonpubliclibraryclasses: Counter-indication: you probably shouldn't use this option when processing code that is to be used as a library, since classes and class members that weren't designed to be public in the API may become public.
-dontskipnonpubliclibraryclasses


-keep public class * extends android.app.Activity
-keep public class * extends android.app.Service


-keepattributes *Annotation*
-keep class * extends android.view.View { 
  public <init>(android.content.Context); 
  public <init>(android.content.Context, android.util.AttributeSet); 
  public <init>(android.content.Context, android.util.AttributeSet, int); 
  public void set*(...); 
}
-keep class * extends android.preference.Preference { 
  public <init>(android.content.Context); 
  public <init>(android.content.Context, android.util.AttributeSet); 
  public <init>(android.content.Context, android.util.AttributeSet, int); 
  public void set*(...); 
}    
# This is necessary for LVL among others. According to proguard doc java accesses enum fields by introspection.
-keepclassmembers enum * {
    public static **[] values();
    public static ** valueOf(java.lang.String);
}

#Optimization settings
-dontoptimize
-dontobfuscate
-dontwarn java.awt.**,javax.security.**,java.beans.**,android.support.**
-ignorewarnings