proguard/seeds.txt
com.RSen.LionTime.CancelNotificationReceiver
com.RSen.LionTime.CancelNotificationReceiver: CancelNotificationReceiver()
com.RSen.LionTime.ChangeScheduleActivity
com.RSen.LionTime.ChangeScheduleActivity: ChangeScheduleActivity()
com.RSen.LionTime.MainActivity
com.RSen.LionTime.MainActivity: MainActivity()
com.RSen.LionTime.MyDashClock
com.RSen.LionTime.MyDashClock: MyDashClock()
com.RSen.LionTime.NewDayReceiver
com.RSen.LionTime.NewDayReceiver: NewDayReceiver()
com.RSen.LionTime.NotificationReceiver
com.RSen.LionTime.NotificationReceiver: NotificationReceiver()
com.RSen.LionTime.SettingsActivity
com.RSen.LionTime.SettingsActivity: SettingsActivity()
com.RSen.LionTime.ViewScheduleActivity
com.RSen.LionTime.ViewScheduleActivity: ViewScheduleActivity()
com.RSen.LionTime.Widget
com.RSen.LionTime.Widget: Widget()
...
android.support.v4.app.FragmentActivity
android.support.v4.app.FragmentTabHost
android.support.v4.app.FragmentTabHost: FragmentTabHost(android.content.Context)
android.support.v4.app.FragmentTabHost: FragmentTabHost(android.content.Context,android.util.AttributeSet)
android.support.v4.app.FragmentTabHost: void setup()
android.support.v4.app.FragmentTabHost: void setup(android.content.Context,android.support.v4.app.FragmentManager)
android.support.v4.app.FragmentTabHost: void setup(android.content.Context,android.support.v4.app.FragmentManager,int)
android.support.v4.app.FragmentTabHost: void setOnTabChangedListener(android.widget.TabHost$OnTabChangeListener)
android.support.v4.app.NoSaveStateFrameLayout
android.support.v4.app.NoSaveStateFrameLayout: NoSaveStateFrameLayout(android.content.Context)
android.support.v4.content.ModernAsyncTask$Status: android.support.v4.content.ModernAsyncTask$Status[] values()
android.support.v4.content.ModernAsyncTask$Status: android.support.v4.content.ModernAsyncTask$Status valueOf(java.lang.String)
android.support.v4.view.PagerTabStrip
android.support.v4.view.PagerTabStrip: PagerTabStrip(android.content.Context)
android.support.v4.view.PagerTabStrip: PagerTabStrip(android.content.Context,android.util.AttributeSet)
android.support.v4.view.PagerTabStrip: void setTabIndicatorColor(int)
android.support.v4.view.PagerTabStrip: void setTabIndicatorColorResource(int)
android.support.v4.view.PagerTabStrip: void setPadding(int,int,int,int)
android.support.v4.view.PagerTabStrip: void setTextSpacing(int)
android.support.v4.view.PagerTabStrip: void setBackgroundDrawable(android.graphics.drawable.Drawable)
android.support.v4.view.PagerTabStrip: void setBackgroundColor(int)
android.support.v4.view.PagerTabStrip: void setBackgroundResource(int)
android.support.v4.view.PagerTabStrip: void setDrawFullUnderline(boolean)
android.support.v4.view.PagerTitleStrip
android.support.v4.view.PagerTitleStrip: PagerTitleStrip(android.content.Context)
android.support.v4.view.PagerTitleStrip: PagerTitleStrip(android.content.Context,android.util.AttributeSet)
android.support.v4.view.PagerTitleStrip: void setTextSpacing(int)
android.support.v4.view.PagerTitleStrip: void setNonPrimaryAlpha(float)
android.support.v4.view.PagerTitleStrip: void setTextColor(int)
android.support.v4.view.PagerTitleStrip: void setTextSize(int,float)
android.support.v4.view.PagerTitleStrip: void setGravity(int)
android.support.v4.view.ViewPager
android.support.v4.view.ViewPager: ViewPager(android.content.Context)
android.support.v4.view.ViewPager: ViewPager(android.content.Context,android.util.AttributeSet)
android.support.v4.view.ViewPager: void setAdapter(android.support.v4.view.PagerAdapter)
android.support.v4.view.ViewPager: void setCurrentItem(int)
android.support.v4.view.ViewPager: void setCurrentItem(int,boolean)
android.support.v4.view.ViewPager: void setOnPageChangeListener(android.support.v4.view.ViewPager$OnPageChangeListener)
android.support.v4.view.ViewPager: void setPageTransformer(boolean,android.support.v4.view.ViewPager$PageTransformer)
android.support.v4.view.ViewPager: void setOffscreenPageLimit(int)
android.support.v4.view.ViewPager: void setPageMargin(int)
android.support.v4.view.ViewPager: void setPageMarginDrawable(android.graphics.drawable.Drawable)
android.support.v4.view.ViewPager: void setPageMarginDrawable(int)
com.google.android.apps.dashclock.api.DashClockExtension
com.google.android.apps.dashclock.api.DashClockExtension: DashClockExtension()
com.google.gson.FieldNamingPolicy: com.google.gson.FieldNamingPolicy[] values()
com.google.gson.FieldNamingPolicy: com.google.gson.FieldNamingPolicy valueOf(java.lang.String)
com.google.gson.LongSerializationPolicy: com.google.gson.LongSerializationPolicy[] values()
com.google.gson.LongSerializationPolicy: com.google.gson.LongSerializationPolicy valueOf(java.lang.String)