proguard/usage.txt
com.RSen.LionTime.BuildConfig
com.RSen.LionTime.CheckScheduleUpdates:
    25:25:public CheckScheduleUpdates()
com.RSen.LionTime.NotificationReceiver:
    private static final int notificationIDCancellable
com.RSen.LionTime.R
com.RSen.LionTime.R$array
com.RSen.LionTime.R$attr
com.RSen.LionTime.R$drawable
com.RSen.LionTime.R$id
com.RSen.LionTime.R$layout
com.RSen.LionTime.R$menu
com.RSen.LionTime.R$string
com.RSen.LionTime.R$style
com.RSen.LionTime.R$xml
com.RSen.LionTime.Schedule:
    private static final java.lang.String FILENAME
    public static final int TYPE_REGULAR
    public static final int TYPE_WED
    public static final int TYPE_THU
    public static final int TYPE_B
    public static final int TYPE_NOSCHOOL
    11:11:public Schedule()
com.RSen.LionTime.TimeTillCalculator:
    7:7:public TimeTillCalculator()
...
android.support.v4.app.NotificationCompat$NotificationCompatImplBase
android.support.v4.app.NotificationCompat$NotificationCompatImplHoneycomb
android.support.v4.app.NotificationCompat$NotificationCompatImplIceCreamSandwich
android.support.v4.app.NotificationCompat$NotificationCompatImplJellybean
android.support.v4.app.NotificationCompat$Style
android.support.v4.app.NotificationCompatHoneycomb
android.support.v4.app.NotificationCompatIceCreamSandwich
android.support.v4.app.NotificationCompatJellybean
android.support.v4.app.ServiceCompat
android.support.v4.app.ShareCompat
android.support.v4.app.ShareCompat$IntentBuilder
android.support.v4.app.ShareCompat$IntentReader
android.support.v4.app.ShareCompat$ShareCompatImpl
android.support.v4.app.ShareCompat$ShareCompatImplBase
android.support.v4.app.ShareCompat$ShareCompatImplICS
android.support.v4.app.ShareCompat$ShareCompatImplJB
android.support.v4.app.ShareCompatICS
android.support.v4.app.ShareCompatJB
android.support.v4.app.TaskStackBuilder
android.support.v4.app.TaskStackBuilder$TaskStackBuilderImpl
android.support.v4.app.TaskStackBuilder$TaskStackBuilderImplBase
android.support.v4.app.TaskStackBuilder$TaskStackBuilderImplHoneycomb
android.support.v4.app.TaskStackBuilder$TaskStackBuilderImplJellybean
android.support.v4.app.TaskStackBuilderHoneycomb
android.support.v4.app.TaskStackBuilderJellybean
android.support.v4.content.AsyncTaskLoader
android.support.v4.content.AsyncTaskLoader$LoadTask
android.support.v4.content.ContextCompat
android.support.v4.content.ContextCompatHoneycomb
android.support.v4.content.ContextCompatJellybean
android.support.v4.content.CursorLoader
android.support.v4.content.IntentCompat
android.support.v4.content.IntentCompat$IntentCompatImpl
android.support.v4.content.IntentCompat$IntentCompatImplBase
android.support.v4.content.IntentCompat$IntentCompatImplHC
android.support.v4.content.IntentCompat$IntentCompatImplIcsMr1
android.support.v4.content.IntentCompatHoneycomb
android.support.v4.content.IntentCompatIcsMr1
android.support.v4.content.Loader:
    android.content.Context mContext
    90:92:public Loader(android.content.Context)
    102:105:public void deliverResult(java.lang.Object)
    111:111:public android.content.Context getContext()
    118:118:public int getId()
    157:157:public boolean isStarted()
    166:166:public boolean isAbandoned()
    175:175:public boolean isReset()
    217:218:public void forceLoad()
    225:225:protected void onForceLoad()
    261:263:public void abandon()
    275:275:protected void onAbandon()
    312:314:public boolean takeContentChanged()
    326:334:public void onContentChanged()
android.support.v4.content.Loader$ForceLoadContentObserver
android.support.v4.content.Loader$OnLoadCompleteListener:
    public abstract void onLoadComplete(android.support.v4.content.Loader,java.lang.Object)
android.support.v4.content.LocalBroadcastManager
android.support.v4.content.LocalBroadcastManager$1
android.support.v4.content.LocalBroadcastManager$BroadcastRecord
android.support.v4.content.LocalBroadcastManager$ReceiverRecord
android.support.v4.content.ModernAsyncTask
android.support.v4.content.ModernAsyncTask$1
android.support.v4.content.ModernAsyncTask$2
android.support.v4.content.ModernAsyncTask$3
android.support.v4.content.ModernAsyncTask$4
android.support.v4.content.ModernAsyncTask$AsyncTaskResult
android.support.v4.content.ModernAsyncTask$InternalHandler
android.support.v4.content.ModernAsyncTask$Status
android.support.v4.content.ModernAsyncTask$WorkerRunnable
android.support.v4.content.pm.ActivityInfoCompat
android.support.v4.database.DatabaseUtilsCompat
android.support.v4.net.ConnectivityManagerCompat
android.support.v4.net.ConnectivityManagerCompat$BaseConnectivityManagerCompatImpl
android.support.v4.net.ConnectivityManagerCompat$ConnectivityManagerCompatImpl
android.support.v4.net.ConnectivityManagerCompat$GingerbreadConnectivityManagerCompatImpl